2024-07-03 20:48:40: PKS-G-7C: LN2  0 (Up): Unacceptable slop on up/down motor moving from   50494 to  17116 at speed  35000000.    Target position:  17116  Current position:  46896    Execution has been paused. Please check machine.
2024-07-08 11:59:21: PKS-G-7C: LN2  0 (Up): Shoemaker 2G Magnetometer Sample Changer is now operating at code Blue  
2024-07-08 12:04:44: PKS-G-8B: : Homed to top but did not hit switch.
2024-07-08 12:06:27: PKS-G-8B: : Shoemaker 2G Magnetometer Sample Changer is now operating at code Blue  
2024-07-08 12:07:24: PKS-G-8C: : Homed to top but did not hit switch.
2024-07-08 12:07:37: PKS-G-8C: : Shoemaker 2G Magnetometer Sample Changer is now operating at code Blue  
2024-07-08 12:08:02: PKS-G-8C: : Homed to top but did not hit switch.
2024-07-08 12:11:42: PKS-G-8C: : Shoemaker 2G Magnetometer Sample Changer is now operating at code Blue  
2024-07-08 12:11:45: PKS-G-8C: : Homed to top but did not hit switch.
2024-07-08 12:11:49: PKS-G-8C: : Shoemaker 2G Magnetometer Sample Changer is now operating at code Blue  
2024-07-08 12:13:28: PKS-G-8C: : Homed to top but did not hit switch.
2024-07-08 12:13:33: PKS-G-8C: : Shoemaker 2G Magnetometer Sample Changer is now operating at code Blue  
2024-07-08 13:15:32: PKS-G-7C: : Quartz tube at sample top but homing switch still set. Check for switch failure.
2024-07-08 14:56:59: PKS-G-7C: : Shoemaker 2G Magnetometer Sample Changer is now operating at code Blue  
2024-07-08 15:19:15: PKS-G-7C: LN2  0 (Up): Unacceptable slop on up/down motor moving from   50359 to  17128 at speed  35000000.    Target position:  17128  Current position:  43787    Execution has been paused. Please check machine.
2024-07-08 15:19:17: PKS-G-7C: LN2  0 (Up): Shoemaker 2G Magnetometer Sample Changer is now operating at code Blue  
2024-07-08 15:21:31: PKS-G-8B: : Homed to top but did not hit switch.
2024-07-08 15:21:33: PKS-G-8B: : Shoemaker 2G Magnetometer Sample Changer is now operating at code Blue  
2024-07-08 15:21:40: PKS-G-8B: : Homed to top but did not hit switch.
2024-07-08 15:22:48: PKS-G-8B: : Shoemaker 2G Magnetometer Sample Changer is now operating at code Blue  
2024-10-14 16:49:20: PKS-G-2C: TT  300 (Up): Unacceptable slop on up/down motor moving from   51071 to  39876 at speed  5000000.    Target position:  39876  Current position:  46145    Execution has been paused. Please check machine.
2024-10-14 17:03:16: PKS-G-2C: TT  300 (Up): Shoemaker 2G Magnetometer Sample Changer is now operating at code Blue  
2024-10-14 17:10:25: PKS-G-2F: TT  300 (Up): Unacceptable slop on up/down motor moving from   51100 to  39912 at speed  5000000.    Target position:  39912  Current position:  45860    Execution has been paused. Please check machine.
2024-10-14 17:37:31: PKS-G-2F: TT  300 (Up): Shoemaker 2G Magnetometer Sample Changer is now operating at code Blue  
2024-10-14 17:47:58: PKS-G-3D: : Homed to top but did not hit switch.
2024-10-14 17:59:17: PKS-G-3D: : Shoemaker 2G Magnetometer Sample Changer is now operating at code Blue  
2024-10-14 18:00:36: PKS-G-3E: : Homed to top but did not hit switch.
2024-10-14 18:00:45: PKS-G-3E: : Shoemaker 2G Magnetometer Sample Changer is now operating at code Blue  
2024-10-18 16:44:01: PKS-G-2E: : Homed to top but did not hit switch.
2024-10-18 17:16:51: PKS-G-2E: : Shoemaker 2G Magnetometer Sample Changer is now operating at code Blue  
2024-10-18 17:18:14: PKS-G-2F: : Homed to top but did not hit switch.
2024-10-18 17:20:16: PKS-G-2F: : Shoemaker 2G Magnetometer Sample Changer is now operating at code Blue  
2024-10-22 15:13:19: PKS-G-2E: TT  330 (Up): Unacceptable slop on up/down motor moving from   51776 to  40000 at speed  5000000.    Target position:  40000  Current position:  51778    Execution has been paused. Please check machine.
2024-10-22 15:13:33: PKS-G-2E: TT  330 (Up): Shoemaker 2G Magnetometer Sample Changer is now operating at code Blue  
2024-10-22 16:22:31: PKS-G-5D: : Unacceptable slop on up/down motor moving from   16 to  40000 at speed  5000000.    Target position:  40000  Current position:  22    Execution has been paused. Please check machine.
2024-10-22 16:22:43: PKS-G-5D: : Shoemaker 2G Magnetometer Sample Changer is now operating at code Blue  
2024-10-22 16:22:50: PKS-G-5D: : Unacceptable slop on up/down motor moving from   13 to  40000 at speed  5000000.    Target position:  40000  Current position:  20    Execution has been paused. Please check machine.
2024-10-22 16:22:59: PKS-G-5D: : Shoemaker 2G Magnetometer Sample Changer is now operating at code Blue  
2024-10-22 16:23:33: PKS-G-5D: : Unacceptable slop on up/down motor moving from   5 to  1000 at speed  5000000.    Target position:  1000  Current position:  1    Execution has been paused. Please check machine.
2024-10-22 16:23:42: PKS-G-5D: : Shoemaker 2G Magnetometer Sample Changer is now operating at code Blue  
2024-10-22 16:24:04: PKS-G-5D: : Unacceptable slop on up/down motor moving from   206 to  40000 at speed  5000000.    Target position:  40000  Current position:  602    Execution has been paused. Please check machine.
2024-10-22 16:24:27: PKS-G-5D: : Shoemaker 2G Magnetometer Sample Changer is now operating at code Blue  
2024-10-22 16:35:03: PKS-G-7B: TT  330 (Up): Unacceptable slop on up/down motor moving from   51300 to  39760 at speed  5000000.    Target position:  39760  Current position:  49243    Execution has been paused. Please check machine.
2024-10-22 16:36:44: PKS-G-7B: TT  330 (Up): Shoemaker 2G Magnetometer Sample Changer is now operating at code Blue  
2024-10-22 16:37:04: PKS-G-7B: : Homed to top but did not hit switch.
2024-10-22 16:37:28: PKS-G-7B: : Shoemaker 2G Magnetometer Sample Changer is now operating at code Blue  
2024-10-22 16:37:38: PKS-G-7B: : Unacceptable slop moving changer  from hole  80 to hole  81.    Target position:  120171  Current position:  120994    Execution has been paused. Please check machine.
2024-10-22 16:39:14: PKS-G-7B: : Shoemaker 2G Magnetometer Sample Changer is now operating at code Blue  
2024-10-23 14:31:07: PKS-G-7B: : Unacceptable slop on up/down motor moving from   0 to  17291 at speed  5000000.    Target position:  17291  Current position:  8    Execution has been paused. Please check machine.
2024-10-23 14:31:11: PKS-G-7B: : Shoemaker 2G Magnetometer Sample Changer is now operating at code Blue  
2024-10-23 14:31:18: PKS-G-7B: : Unacceptable slop on up/down motor moving from   0 to  40000 at speed  5000000.    Target position:  40000  Current position:  2    Execution has been paused. Please check machine.
2024-10-23 14:31:33: PKS-G-7B: : Shoemaker 2G Magnetometer Sample Changer is now operating at code Blue  
2024-10-23 14:32:27: PKS-G-7B: : Unacceptable slop on up/down motor moving from  -1 to  17291 at speed  5000000.    Target position:  17291  Current position:  22    Execution has been paused. Please check machine.
2024-10-23 14:32:39: PKS-G-7B: : Shoemaker 2G Magnetometer Sample Changer is now operating at code Blue  
2024-10-23 14:33:02: PKS-G-7B: : Unacceptable slop on up/down motor moving from   0 to  51860 at speed  5000000.    Target position:  51860  Current position:  499    Execution has been paused. Please check machine.
2024-10-23 14:33:32: PKS-G-7B: : Shoemaker 2G Magnetometer Sample Changer is now operating at code Blue  
2024-10-23 14:35:12: PKS-G-7B: : Unacceptable slop on up/down motor moving from   11 to  17291 at speed  5000000.    Target position:  17291  Current position:  25935    Execution has been paused. Please check machine.
2024-10-23 14:35:39: PKS-G-7B: : Shoemaker 2G Magnetometer Sample Changer is now operating at code Blue  
2024-10-23 17:43:45: PKS-G-2G: TT  330 (Dn): Unacceptable slop on up/down motor moving from   50941 to  39760 at speed  5000000.    Target position:  39760  Current position:  48705    Execution has been paused. Please check machine.
2024-10-23 18:13:18: PKS-G-2G: TT  330 (Dn): Shoemaker 2G Magnetometer Sample Changer is now operating at code Blue  
2024-10-24 14:44:53: PKS-G-6C: TT  330 (Up): Unacceptable slop on up/down motor moving from   39799 to  51902 at speed  5000000.    Target position:  51902  Current position:  39899    Execution has been paused. Please check machine.
2024-10-24 14:45:03: PKS-G-6C: TT  330 (Up): Shoemaker 2G Magnetometer Sample Changer is now operating at code Blue  
