2024-07-17 19:12:12: PKSF-0B: NRM  0 (Dn): Unacceptable slop on up/down motor moving from   51193 to  29944 at speed  5000000.    Target position:  29944  Current position:  40051    Execution has been paused. Please check machine.
2024-07-17 19:44:09: PKSF-0B: NRM  0 (Dn): Shoemaker 2G Magnetometer Sample Changer is now operating at code Blue  
2024-07-17 19:48:38: PKSF-0B: : Unacceptable slop on up/down motor moving from   29998 to  52044 at speed  5000000.    Target position:  52044  Current position:  15004    Execution has been paused. Please check machine.
2024-07-17 19:48:57: PKSF-0B: : Shoemaker 2G Magnetometer Sample Changer is now operating at code Blue  
2024-07-17 19:50:52: PKSF-0B: : Unacceptable slop on up/down motor moving from   14 to  17291 at speed  8000000.    Target position:  17291  Current position:  24    Execution has been paused. Please check machine.
2024-07-17 19:51:11: PKSF-0B: : Shoemaker 2G Magnetometer Sample Changer is now operating at code Blue  
2024-07-17 19:52:12: PKSF-0B: : Unacceptable slop on up/down motor moving from   5 to  17291 at speed  8000000.    Target position:  17291  Current position:  20    Execution has been paused. Please check machine.
2024-07-17 19:53:39: PKSF-0B: : Shoemaker 2G Magnetometer Sample Changer is now operating at code Blue  
2024-07-17 20:18:02: PKSF-0C: : Quartz tube at sample top but homing switch still set. Check for switch failure.
2024-07-17 20:18:07: PKSF-0C: : Shoemaker 2G Magnetometer Sample Changer is now operating at code Blue  
2024-07-17 20:20:35: PKSF-0C: : Dropped off sample, but homing switch still set. Check for switch failure.
2024-07-17 20:20:46: PKSF-0C: : Shoemaker 2G Magnetometer Sample Changer is now operating at code Blue  
2024-07-18 14:37:55: PKSF-6D: NRM  0 (Up): Unacceptable slop on up/down motor moving from   51308 to  29778 at speed  5000000.    Target position:  29778  Current position:  48369    Execution has been paused. Please check machine.
2024-07-18 15:19:12: PKSF-6D: NRM  0 (Up): Shoemaker 2G Magnetometer Sample Changer is now operating at code Blue  
2024-07-18 15:41:25: PKSF-7E: NRM  0 (Up): Unacceptable slop on up/down motor moving from   51370 to  29821 at speed  5000000.    Target position:  29821  Current position:  48223    Execution has been paused. Please check machine.
2024-07-18 16:02:24: PKSF-7E: NRM  0 (Up): Shoemaker 2G Magnetometer Sample Changer is now operating at code Blue  
2024-07-19 13:08:47: PKSF-0B: : Homed to top but did not hit switch.
2024-07-19 15:06:43: PKSF-0B: : Shoemaker 2G Magnetometer Sample Changer is now operating at code Blue  
2024-07-19 15:06:52: PKSF-0B: : Unacceptable slop moving changer  from hole  100 to hole  96.    Target position: -97001  Current position: -100732    Execution has been paused. Please check machine.
2024-07-19 15:07:37: PKSF-0B: : Shoemaker 2G Magnetometer Sample Changer is now operating at code Blue  
2024-07-19 15:11:35: PKSF-0B: : Dropped off sample, but homing switch still set. Check for switch failure.
2024-07-19 15:11:40: PKSF-0B: : Shoemaker 2G Magnetometer Sample Changer is now operating at code Blue  
2025-07-22 12:43:15: PKSF-1B: : Unacceptable slop moving changer  from hole  20 to hole  94.    Target position:  107020  Current position:  181817    Execution has been paused. Please check machine.
2025-07-22 14:59:42: PKSF-1B: : Shoemaker 2G Magnetometer Sample Changer is now operating at code Blue  
2025-07-22 15:02:35: PKSF-1C: : Unacceptable slop moving changer  from hole  20 to hole  95.    Target position:  106009  Current position:  181817    Execution has been paused. Please check machine.
2025-07-22 15:02:45: PKSF-1C: : Shoemaker 2G Magnetometer Sample Changer is now operating at code Blue  
2025-07-29 15:53:40: PKSF-2J: TT  330 (Dn): Unacceptable slop on up/down motor moving from   51084 to  39886 at speed  5000000.    Target position:  39886  Current position:  48498    Execution has been paused. Please check machine.
2025-07-30 16:58:47: PKSF-2J: TT  330 (Dn): Shoemaker 2G Magnetometer Sample Changer is now operating at code Blue  
2025-08-03 00:18:29: PKSF-1.K: TT  390 (Up): Unacceptable slop on up/down motor moving from   51138 to  39898 at speed  5000000.    Target position:  39898  Current position:  48404    Execution has been paused. Please check machine.
2025-08-03 13:42:10: PKSF-1.K: TT  390 (Up): Shoemaker 2G Magnetometer Sample Changer is now operating at code Blue  
2025-08-04 18:31:47: PKSF-3L: TT  420 (Up): Unacceptable slop on up/down motor moving from   51174 to  39938 at speed  5000000.    Target position:  39938  Current position:  47797    Execution has been paused. Please check machine.
2025-08-04 19:12:28: PKSF-3L: TT  420 (Up): Shoemaker 2G Magnetometer Sample Changer is now operating at code Blue  
2025-08-04 19:19:10: PKSF-4D: TT  420 (Up): Unacceptable slop on up/down motor moving from   51137 to  39862 at speed  5000000.    Target position:  39862  Current position:  47686    Execution has been paused. Please check machine.
2025-08-04 20:31:31: PKSF-4D: TT  420 (Up): Shoemaker 2G Magnetometer Sample Changer is now operating at code Blue  
2025-08-04 22:42:42: PKSF-3L: TT  420 (Up): Unacceptable slop on up/down motor moving from   51163 to  39936 at speed  5000000.    Target position:  39936  Current position:  48093    Execution has been paused. Please check machine.
2025-08-05 01:28:11: PKSF-3L: TT  420 (Up): Shoemaker 2G Magnetometer Sample Changer is now operating at code Blue  
2025-08-05 01:33:07: PKSF-4C: TT  420 (Up): Unacceptable slop on up/down motor moving from   50993 to  39880 at speed  5000000.    Target position:  39880  Current position:  47764    Execution has been paused. Please check machine.
2025-08-05 01:33:46: PKSF-4C: TT  420 (Up): Shoemaker 2G Magnetometer Sample Changer is now operating at code Blue  
2025-08-05 01:36:16: PKSF-4D: TT  420 (Up): Unacceptable slop on up/down motor moving from   50979 to  39800 at speed  5000000.    Target position:  39800  Current position:  47715    Execution has been paused. Please check machine.
2025-08-05 09:36:57: PKSF-4D: TT  420 (Up): Shoemaker 2G Magnetometer Sample Changer is now operating at code Blue  
2025-08-05 09:39:26: PKSF-4E: TT  420 (Up): Unacceptable slop on up/down motor moving from   50866 to  39722 at speed  5000000.    Target position:  39722  Current position:  47916    Execution has been paused. Please check machine.
2025-08-05 09:40:24: PKSF-4E: TT  420 (Up): Shoemaker 2G Magnetometer Sample Changer is now operating at code Blue  
2025-08-06 21:40:51: PKSF-5B: TT  450 (Dn): Unacceptable slop on up/down motor moving from   51082 to  39876 at speed  5000000.    Target position:  39876  Current position:  48364    Execution has been paused. Please check machine.
2025-08-07 13:10:50: PKSF-5B: TT  450 (Dn): Shoemaker 2G Magnetometer Sample Changer is now operating at code Blue  
